  glad.c
  imgui_impl_opengl3.cpp
  imgui_impl_sdl.cpp
  imgui.cpp
  imgui_draw.cpp
  imgui_widgets.cpp
  main.cpp
  engine.cpp
  file_system.cpp
  input.cpp
  timer.cpp
  camera.cpp
  cube.cpp
  directional_light.cpp
  light.cpp
  model.cpp
  ParticleSystem.cpp
  plane.cpp
  point_light.cpp
  sphere.cpp
  spot_light.cpp
  torus.cpp
  material.cpp
  renderer.cpp
  shader.cpp
  ui.cpp
  vertex_array.cpp
  vertex_arrays.cpp
  scene01.cpp
  scene02.cpp
  scene03.cpp
  scene04.cpp
  scene05.cpp
  scene06.cpp
  scene07.cpp
  scene08.cpp
  scene09.cpp
  scene10.cpp
  scene11.cpp
  scene12.cpp
  scene13.cpp
  scene14.cpp
  Scene15Editor.cpp
  Scene16Particles.cpp
LINK : warning LNK4075: ignoring '/INCREMENTAL' due to '/LTCG' specification
  Generating code
  2995 of 2997 functions (99.9%) were compiled, the rest were copied from previous compilation.
    449 functions were new in current compilation
    0 functions had inline decision re-evaluated but remain unchanged
  Finished generating code
  GL.vcxproj -> C:\VSDev\ComputerGraphics\GL\x64\Release\GL.exe
