c:\users\garrett courtney\source\repos\gl\gl\x64\debug\vc141.pdb
c:\users\garrett courtney\source\repos\gl\gl\x64\debug\vc141.idb
c:\users\garrett courtney\source\repos\gl\gl\x64\debug\scene01.obj
c:\users\garrett courtney\source\repos\gl\gl\x64\debug\vertex_array.obj
c:\users\garrett courtney\source\repos\gl\gl\x64\debug\shader.obj
c:\users\garrett courtney\source\repos\gl\gl\x64\debug\renderer.obj
c:\users\garrett courtney\source\repos\gl\gl\x64\debug\timer.obj
c:\users\garrett courtney\source\repos\gl\gl\x64\debug\input.obj
c:\users\garrett courtney\source\repos\gl\gl\x64\debug\file_system.obj
c:\users\garrett courtney\source\repos\gl\gl\x64\debug\engine.obj
c:\users\garrett courtney\source\repos\gl\gl\x64\debug\main.obj
c:\users\garrett courtney\source\repos\gl\gl\x64\debug\glad.obj
c:\users\garrett courtney\source\repos\gl\gl\x64\debug\imgui_widgets.obj
c:\users\garrett courtney\source\repos\gl\gl\x64\debug\spot_light.obj
c:\users\garrett courtney\source\repos\gl\gl\x64\debug\scene09.obj
c:\users\garrett courtney\source\repos\gl\gl\x64\debug\model.obj
c:\users\garrett courtney\source\repos\gl\gl\x64\debug\scene05.obj
c:\users\garrett courtney\source\repos\gl\gl\x64\debug\imgui_draw.obj
c:\users\garrett courtney\source\repos\gl\gl\x64\debug\cube.obj
c:\users\garrett courtney\source\repos\gl\gl\x64\debug\sphere.obj
c:\users\garrett courtney\source\repos\gl\gl\x64\debug\vertex_arrays.obj
c:\users\garrett courtney\source\repos\gl\gl\x64\debug\scene08.obj
c:\users\garrett courtney\source\repos\gl\gl\x64\debug\point_light.obj
c:\users\garrett courtney\source\repos\gl\gl\x64\debug\scene07.obj
c:\users\garrett courtney\source\repos\gl\gl\x64\debug\light.obj
c:\users\garrett courtney\source\repos\gl\gl\x64\debug\scene04.obj
c:\users\garrett courtney\source\repos\gl\gl\x64\debug\imgui_impl_sdl.obj
c:\users\garrett courtney\source\repos\gl\gl\x64\debug\directional_light.obj
c:\users\garrett courtney\source\repos\gl\gl\x64\debug\material.obj
c:\users\garrett courtney\source\repos\gl\gl\x64\debug\scene03.obj
c:\users\garrett courtney\source\repos\gl\gl\x64\debug\imgui_impl_opengl3.obj
c:\users\garrett courtney\source\repos\gl\gl\x64\debug\camera.obj
c:\users\garrett courtney\source\repos\gl\gl\x64\debug\torus.obj
c:\users\garrett courtney\source\repos\gl\gl\x64\debug\scene02.obj
c:\users\garrett courtney\source\repos\gl\gl\x64\debug\plane.obj
c:\users\garrett courtney\source\repos\gl\gl\x64\debug\ui.obj
c:\users\garrett courtney\source\repos\gl\gl\x64\debug\scene06.obj
c:\users\garrett courtney\source\repos\gl\gl\x64\debug\imgui.obj
c:\users\garrett courtney\source\repos\gl\x64\debug\gl.ilk
c:\users\garrett courtney\source\repos\gl\x64\debug\gl.exe
c:\users\garrett courtney\source\repos\gl\x64\debug\gl.pdb
c:\users\garrett courtney\source\repos\gl\gl\x64\debug\gl.tlog\cl.command.1.tlog
c:\users\garrett courtney\source\repos\gl\gl\x64\debug\gl.tlog\cl.read.1.tlog
c:\users\garrett courtney\source\repos\gl\gl\x64\debug\gl.tlog\cl.write.1.tlog
c:\users\garrett courtney\source\repos\gl\gl\x64\debug\gl.tlog\link.command.1.tlog
c:\users\garrett courtney\source\repos\gl\gl\x64\debug\gl.tlog\link.read.1.tlog
c:\users\garrett courtney\source\repos\gl\gl\x64\debug\gl.tlog\link.write.1.tlog
